[10/14/2022 16:39:26] Debug: Session id: 58e0ff23-1d30-4c88-a3ee-197c2a046192
[10/14/2022 16:39:26] Debug: Code Processor information: Name :SnowConvert, Version: 9.2.23.0
[10/14/2022 16:39:27] Debug: Getting license
[10/14/2022 16:39:27] Debug: License information
	Status: Failed
	Message: No active license available.
[10/14/2022 16:39:27] Info: Starting to validate parameters
[10/14/2022 16:39:27] Info: Parameters to validate: 
	Execution mode: Conversion
	LICENSE_KEY: a3372138-b87e-4a08-b929-3b48b24c63f1
[10/14/2022 16:39:27] Info: Validation of parameters: Success
[10/14/2022 16:39:27] Debug: Getting code descriptor
[10/14/2022 16:39:27] Debug: Code descriptor information
	Units: 51
	Units type: LOC
	All file bytes: 2141
	All found extensions: .sql,.dml,.ddl,.bteq,.btq,.fl,.fload,.ml,.mload,.mld,.tp,.tpump,.tpt
[10/14/2022 16:39:27] Debug: Calculating fingerprint
[10/14/2022 16:39:27] Debug: Fingerprint information Fingerprint(size=2141,projects=1)
[10/14/2022 16:39:27] Info: Starting to try to validate online license for execution
[10/14/2022 16:39:28] Debug: Getting license
[10/14/2022 16:39:28] Debug: License information
	Status: Failed
	Message: No active license available.
[10/14/2022 16:39:28] Debug: Starting the execution of the controller
[10/14/2022 16:39:29] Debug: Executing the worker: SnowConvert
[10/14/2022 16:39:40] Debug: Finished executing the worker: SnowConvert
[10/14/2022 16:39:42] Info: Controller execution ended
